[34m[1mwandb[0m: Detected [openai] in use.
[34m[1mwandb[0m: Use W&B Weave for improved LLM call tracing. Install Weave with `pip install weave` then add `import weave` to the top of your script.
[34m[1mwandb[0m: For more information, check out the docs at: https://weave-docs.wandb.ai/
wandb enabled: DataMiningSLMSearch/train_20251204_091215

[1/4] Loading questions...

[2/4] Loading model: Qwen/Qwen2.5-3B-Instruct...
`torch_dtype` is deprecated! Use `dtype` instead!
Loading checkpoint shards: 100%|â–ˆâ–ˆâ–ˆâ–ˆâ–ˆâ–ˆâ–ˆâ–ˆâ–ˆâ–ˆâ–ˆâ–ˆâ–ˆâ–ˆâ–ˆâ–ˆâ–ˆâ–ˆâ–ˆâ–ˆâ–ˆâ–ˆâ–ˆâ–ˆâ–ˆâ–ˆâ–ˆâ–ˆâ–ˆâ–ˆâ–ˆâ–ˆâ–ˆâ–ˆâ–ˆâ–ˆâ–ˆâ–ˆâ–ˆâ–ˆâ–ˆâ–ˆâ–ˆâ–ˆâ–ˆâ–ˆâ–ˆâ–ˆâ–ˆâ–ˆâ–ˆâ–ˆâ–ˆâ–ˆâ–ˆâ–ˆâ–ˆâ–ˆâ–ˆâ–ˆâ–ˆâ–ˆâ–ˆâ–ˆâ–ˆâ–ˆâ–ˆâ–ˆâ–ˆâ–ˆâ–ˆâ–ˆâ–ˆâ–ˆâ–ˆâ–ˆâ–ˆâ–ˆâ–ˆâ–ˆâ–ˆâ–ˆâ–ˆâ–ˆâ–ˆâ–ˆâ–ˆâ–ˆâ–ˆâ–ˆâ–ˆâ–ˆâ–ˆâ–ˆâ–ˆâ–ˆâ–ˆâ–ˆâ–ˆâ–ˆâ–ˆâ–ˆâ–ˆâ–ˆâ–ˆ| 2/2 [00:02<00:00,  1.41s/it]
  Device: cuda
  Parameters: 3,085,938,688

[3/4] Setting up judge...
  Judge URL: http://localhost:1234/v1
  Judge model: deepseek/deepseek-r1-0528-qwen3-8b
  Training samples: 2

[4/4] Training for 1 epoch(s)...

--- Epoch 1/1 ---

  Q1: What controversy involved the Fallout 76 Power Armor edition...
  Expected: Canvas bag replaced with nylon...
    Rollout 1: reward=1, answer='Based on the keywords related ...'
  Judge error: Invalid JSON: Expecting value: line 1 column 1 (char 0)
    Rollout 2: reward=0, answer='Based on the initial searches,...'
    [eval-only] Skipping training step

  Q2: What is the name of the demon possessing the death-row inmat...
  Expected: Nefarious...
  Judge error: Invalid JSON: Expecting value: line 1 column 1 (char 0)
    Rollout 1: reward=0, answer='It seems that the section name...'
Traceback (most recent call last):
  File "V:\DataMining2025\src\trainer\core.py", line 227, in train
    episode = await agent.run(question)
              ^^^^^^^^^^^^^^^^^^^^^^^^^
  File "V:\DataMining2025\src\agent\agent.py", line 176, in run
    response = await self.step(conversation)
               ^^^^^^^^^^^^^^^^^^^^^^^^^^^^^
  File "V:\DataMining2025\src\agent\agent.py", line 107, in step
    outputs = self.model.generate(
        **inputs,
    ...<3 lines>...
        pad_token_id=self.tokenizer.eos_token_id,
    )
  File "V:\DataMining2025\.venv\Lib\site-packages\torch\utils\_contextlib.py", line 116, in decorate_context
    return func(*args, **kwargs)
  File "V:\DataMining2025\.venv\Lib\site-packages\transformers\generation\utils.py", line 2564, in generate
    result = decoding_method(
        self,
    ...<5 lines>...
        **model_kwargs,
    )
  File "V:\DataMining2025\.venv\Lib\site-packages\transformers\generation\utils.py", line 2787, in _sample
    outputs = model_forward(**model_inputs, return_dict=True)
  File "V:\DataMining2025\.venv\Lib\site-packages\torch\nn\modules\module.py", line 1739, in _wrapped_call_impl
    return self._call_impl(*args, **kwargs)
           ~~~~~~~~~~~~~~~^^^^^^^^^^^^^^^^^
  File "V:\DataMining2025\.venv\Lib\site-packages\torch\nn\modules\module.py", line 1750, in _call_impl
    return forward_call(*args, **kwargs)
  File "V:\DataMining2025\.venv\Lib\site-packages\transformers\utils\generic.py", line 918, in wrapper
    output = func(self, *args, **kwargs)
  File "V:\DataMining2025\.venv\Lib\site-packages\transformers\models\qwen2\modeling_qwen2.py", line 449, in forward
    outputs: BaseModelOutputWithPast = self.model(
                                       ~~~~~~~~~~^
        input_ids=input_ids,
        ^^^^^^^^^^^^^^^^^^^^
    ...<6 lines>...
        **kwargs,
        ^^^^^^^^^
    )
    ^
  File "V:\DataMining2025\.venv\Lib\site-packages\torch\nn\modules\module.py", line 1739, in _wrapped_call_impl
    return self._call_impl(*args, **kwargs)
           ~~~~~~~~~~~~~~~^^^^^^^^^^^^^^^^^
  File "V:\DataMining2025\.venv\Lib\site-packages\torch\nn\modules\module.py", line 1750, in _call_impl
    return forward_call(*args, **kwargs)
  File "V:\DataMining2025\.venv\Lib\site-packages\transformers\utils\generic.py", line 1072, in wrapper
    outputs = func(self, *args, **kwargs)
  File "V:\DataMining2025\.venv\Lib\site-packages\transformers\models\qwen2\modeling_qwen2.py", line 384, in forward
    hidden_states = decoder_layer(
        hidden_states,
    ...<6 lines>...
        **kwargs,
    )
  File "V:\DataMining2025\.venv\Lib\site-packages\transformers\modeling_layers.py", line 94, in __call__
    return super().__call__(*args, **kwargs)
           ~~~~~~~~~~~~~~~~^^^^^^^^^^^^^^^^^
  File "V:\DataMining2025\.venv\Lib\site-packages\torch\nn\modules\module.py", line 1739, in _wrapped_call_impl
    return self._call_impl(*args, **kwargs)
           ~~~~~~~~~~~~~~~^^^^^^^^^^^^^^^^^
  File "V:\DataMining2025\.venv\Lib\site-packages\torch\nn\modules\module.py", line 1750, in _call_impl
    return forward_call(*args, **kwargs)
  File "V:\DataMining2025\.venv\Lib\site-packages\transformers\utils\deprecation.py", line 172, in wrapped_func
    return func(*args, **kwargs)
  File "V:\DataMining2025\.venv\Lib\site-packages\transformers\models\qwen2\modeling_qwen2.py", line 232, in forward
    hidden_states = self.input_layernorm(hidden_states)
  File "V:\DataMining2025\.venv\Lib\site-packages\torch\nn\modules\module.py", line 1739, in _wrapped_call_impl
    return self._call_impl(*args, **kwargs)
           ~~~~~~~~~~~~~~~^^^^^^^^^^^^^^^^^
  File "V:\DataMining2025\.venv\Lib\site-packages\torch\nn\modules\module.py", line 1750, in _call_impl
    return forward_call(*args, **kwargs)
  File "V:\DataMining2025\.venv\Lib\site-packages\transformers\models\qwen2\modeling_qwen2.py", line 201, in forward
    return self.weight * hidden_states.to(input_dtype)
           ^^^^^^^^^^^
  File "V:\DataMining2025\.venv\Lib\site-packages\torch\nn\modules\module.py", line 1915, in __getattr__
    def __getattr__(self, name: str) -> Union[Tensor, "Module"]:

  File "C:\Users\aaron\AppData\Local\Programs\Python\Python313\Lib\asyncio\runners.py", line 157, in _on_sigint
    raise KeyboardInterrupt()
KeyboardInterrupt

During handling of the above exception, another exception occurred:

Traceback (most recent call last):
  File "C:\Users\aaron\AppData\Local\Programs\Python\Python313\Lib\asyncio\runners.py", line 118, in run
    return self._loop.run_until_complete(task)
           ~~~~~~~~~~~~~~~~~~~~~~~~~~~~~^^^^^^
  File "C:\Users\aaron\AppData\Local\Programs\Python\Python313\Lib\asyncio\base_events.py", line 725, in run_until_complete
    return future.result()
           ~~~~~~~~~~~~~^^
  File "V:\DataMining2025\scripts\train.py", line 148, in main_async
    await trainer.train(live_plot=args.live_plot)
  File "V:\DataMining2025\src\trainer\core.py", line 217, in train
    async with SandboxClient() as sandbox:
               ~~~~~~~~~~~~~^^
  File "V:\DataMining2025\src\environment\sandbox.py", line 109, in __aexit__
    await self.close()
  File "V:\DataMining2025\src\environment\sandbox.py", line 103, in close
    await self._client.aclose()
  File "V:\DataMining2025\.venv\Lib\site-packages\httpx\_client.py", line 1985, in aclose
    await self._transport.aclose()
  File "V:\DataMining2025\.venv\Lib\site-packages\httpx\_transports\default.py", line 406, in aclose
    await self._pool.aclose()
  File "V:\DataMining2025\.venv\Lib\site-packages\httpcore\_async\connection_pool.py", line 353, in aclose
    await self._close_connections(closing_connections)
  File "V:\DataMining2025\.venv\Lib\site-packages\httpcore\_async\connection_pool.py", line 345, in _close_connections
    await connection.aclose()
  File "V:\DataMining2025\.venv\Lib\site-packages\httpcore\_async\connection.py", line 173, in aclose
    await self._connection.aclose()
  File "V:\DataMining2025\.venv\Lib\site-packages\httpcore\_async\http11.py", line 258, in aclose
    await self._network_stream.aclose()
  File "V:\DataMining2025\.venv\Lib\site-packages\httpcore\_backends\anyio.py", line 53, in aclose
    await self._stream.aclose()
  File "V:\DataMining2025\.venv\Lib\site-packages\anyio\_backends\_asyncio.py", line 1353, in aclose
    await sleep(0)
  File "C:\Users\aaron\AppData\Local\Programs\Python\Python313\Lib\asyncio\tasks.py", line 706, in sleep
    await __sleep0()
  File "C:\Users\aaron\AppData\Local\Programs\Python\Python313\Lib\asyncio\tasks.py", line 700, in __sleep0
    yield
asyncio.exceptions.CancelledError

During handling of the above exception, another exception occurred:

Traceback (most recent call last):
  File "V:\DataMining2025\scripts\train.py", line 157, in <module>
    main()
    ~~~~^^
  File "V:\DataMining2025\scripts\train.py", line 153, in main
    asyncio.run(main_async())
    ~~~~~~~~~~~^^^^^^^^^^^^^^
  File "C:\Users\aaron\AppData\Local\Programs\Python\Python313\Lib\asyncio\runners.py", line 195, in run
    return runner.run(main)
           ~~~~~~~~~~^^^^^^
  File "C:\Users\aaron\AppData\Local\Programs\Python\Python313\Lib\asyncio\runners.py", line 123, in run
    raise KeyboardInterrupt()
KeyboardInterrupt
