[34m[1mwandb[0m: Detected [openai] in use.
[34m[1mwandb[0m: Use W&B Weave for improved LLM call tracing. Install Weave with `pip install weave` then add `import weave` to the top of your script.
[34m[1mwandb[0m: For more information, check out the docs at: https://weave-docs.wandb.ai/
wandb enabled: DataMiningSLMSearch/train_20251204_093612

[1/4] Loading questions...

[2/4] Loading model: Qwen/Qwen2.5-3B-Instruct...
`torch_dtype` is deprecated! Use `dtype` instead!
Loading checkpoint shards: 100%|â–ˆâ–ˆâ–ˆâ–ˆâ–ˆâ–ˆâ–ˆâ–ˆâ–ˆâ–ˆâ–ˆâ–ˆâ–ˆâ–ˆâ–ˆâ–ˆâ–ˆâ–ˆâ–ˆâ–ˆâ–ˆâ–ˆâ–ˆâ–ˆâ–ˆâ–ˆâ–ˆâ–ˆâ–ˆâ–ˆâ–ˆâ–ˆâ–ˆâ–ˆâ–ˆâ–ˆâ–ˆâ–ˆâ–ˆâ–ˆâ–ˆâ–ˆâ–ˆâ–ˆâ–ˆâ–ˆâ–ˆâ–ˆâ–ˆâ–ˆâ–ˆâ–ˆâ–ˆâ–ˆâ–ˆâ–ˆâ–ˆâ–ˆâ–ˆâ–ˆâ–ˆâ–ˆâ–ˆâ–ˆâ–ˆâ–ˆâ–ˆâ–ˆâ–ˆâ–ˆâ–ˆâ–ˆâ–ˆâ–ˆâ–ˆâ–ˆâ–ˆâ–ˆâ–ˆâ–ˆâ–ˆâ–ˆâ–ˆâ–ˆâ–ˆâ–ˆâ–ˆâ–ˆâ–ˆâ–ˆâ–ˆâ–ˆâ–ˆâ–ˆâ–ˆâ–ˆâ–ˆâ–ˆâ–ˆâ–ˆâ–ˆâ–ˆâ–ˆâ–ˆâ–ˆâ–ˆâ–ˆâ–ˆâ–ˆâ–ˆâ–ˆ| 2/2 [00:02<00:00,  1.40s/it]
  Device: cuda
  Parameters: 3,085,938,688

[3/4] Setting up judge...
  Judge URL: http://localhost:1234/v1
  Judge model: deepseek/deepseek-r1-0528-qwen3-8b
  Training samples: 2

[4/4] Training for 1 epoch(s)...

--- Epoch 1/1 ---

  Q1: What controversy involved the Fallout 76 Power Armor edition...
  Expected: Canvas bag replaced with nylon...
    Rollout 1: reward=1, answer='The search returned a page tit...'
    Rollout 2: reward=0, answer='The search again did not yield...'
    [eval-only] Skipping training step

  Q2: What is the name of the demon possessing the death-row inmat...
  Expected: Nefarious...
    Rollout 1: reward=0, answer='It seems that the `BeautifulSo...'
Traceback (most recent call last):
  File "C:\Users\aaron\AppData\Local\Programs\Python\Python313\Lib\asyncio\runners.py", line 118, in run
    return self._loop.run_until_complete(task)
           ~~~~~~~~~~~~~~~~~~~~~~~~~~~~~^^^^^^
  File "C:\Users\aaron\AppData\Local\Programs\Python\Python313\Lib\asyncio\base_events.py", line 725, in run_until_complete
    return future.result()
           ~~~~~~~~~~~~~^^
  File "V:\DataMining2025\scripts\train.py", line 148, in main_async
    await trainer.train(live_plot=args.live_plot)
  File "V:\DataMining2025\src\trainer\core.py", line 230, in train
    reward = await get_judge_reward(
             ^^^^^^^^^^^^^^^^^^^^^^^
    ...<2 lines>...
    )
    ^
  File "V:\DataMining2025\src\trainer\episode.py", line 36, in get_judge_reward
    completion = await judge_client.chat.completions.create(
                 ^^^^^^^^^^^^^^^^^^^^^^^^^^^^^^^^^^^^^^^^^^^
    ...<4 lines>...
    )
    ^
  File "V:\DataMining2025\.venv\Lib\site-packages\openai\resources\chat\completions\completions.py", line 2672, in create
    return await self._post(
           ^^^^^^^^^^^^^^^^^
    ...<49 lines>...
    )
    ^
  File "V:\DataMining2025\.venv\Lib\site-packages\openai\_base_client.py", line 1794, in post
    return await self.request(cast_to, opts, stream=stream, stream_cls=stream_cls)
           ^^^^^^^^^^^^^^^^^^^^^^^^^^^^^^^^^^^^^^^^^^^^^^^^^^^^^^^^^^^^^^^^^^^^^^^
  File "V:\DataMining2025\.venv\Lib\site-packages\openai\_base_client.py", line 1529, in request
    response = await self._client.send(
               ^^^^^^^^^^^^^^^^^^^^^^^^
    ...<3 lines>...
    )
    ^
  File "V:\DataMining2025\.venv\Lib\site-packages\httpx\_client.py", line 1629, in send
    response = await self._send_handling_auth(
               ^^^^^^^^^^^^^^^^^^^^^^^^^^^^^^^
    ...<4 lines>...
    )
    ^
  File "V:\DataMining2025\.venv\Lib\site-packages\httpx\_client.py", line 1657, in _send_handling_auth
    response = await self._send_handling_redirects(
               ^^^^^^^^^^^^^^^^^^^^^^^^^^^^^^^^^^^^
    ...<3 lines>...
    )
    ^
  File "V:\DataMining2025\.venv\Lib\site-packages\httpx\_client.py", line 1694, in _send_handling_redirects
    response = await self._send_single_request(request)
               ^^^^^^^^^^^^^^^^^^^^^^^^^^^^^^^^^^^^^^^^
  File "V:\DataMining2025\.venv\Lib\site-packages\httpx\_client.py", line 1730, in _send_single_request
    response = await transport.handle_async_request(request)
               ^^^^^^^^^^^^^^^^^^^^^^^^^^^^^^^^^^^^^^^^^^^^^
  File "V:\DataMining2025\.venv\Lib\site-packages\httpx\_transports\default.py", line 394, in handle_async_request
    resp = await self._pool.handle_async_request(req)
           ^^^^^^^^^^^^^^^^^^^^^^^^^^^^^^^^^^^^^^^^^^
  File "V:\DataMining2025\.venv\Lib\site-packages\httpcore\_async\connection_pool.py", line 256, in handle_async_request
    raise exc from None
  File "V:\DataMining2025\.venv\Lib\site-packages\httpcore\_async\connection_pool.py", line 236, in handle_async_request
    response = await connection.handle_async_request(
               ^^^^^^^^^^^^^^^^^^^^^^^^^^^^^^^^^^^^^^
        pool_request.request
        ^^^^^^^^^^^^^^^^^^^^
    )
    ^
  File "V:\DataMining2025\.venv\Lib\site-packages\httpcore\_async\connection.py", line 103, in handle_async_request
    return await self._connection.handle_async_request(request)
           ^^^^^^^^^^^^^^^^^^^^^^^^^^^^^^^^^^^^^^^^^^^^^^^^^^^^
  File "V:\DataMining2025\.venv\Lib\site-packages\httpcore\_async\http11.py", line 136, in handle_async_request
    raise exc
  File "V:\DataMining2025\.venv\Lib\site-packages\httpcore\_async\http11.py", line 106, in handle_async_request
    ) = await self._receive_response_headers(**kwargs)
        ^^^^^^^^^^^^^^^^^^^^^^^^^^^^^^^^^^^^^^^^^^^^^^
  File "V:\DataMining2025\.venv\Lib\site-packages\httpcore\_async\http11.py", line 177, in _receive_response_headers
    event = await self._receive_event(timeout=timeout)
            ^^^^^^^^^^^^^^^^^^^^^^^^^^^^^^^^^^^^^^^^^^
  File "V:\DataMining2025\.venv\Lib\site-packages\httpcore\_async\http11.py", line 217, in _receive_event
    data = await self._network_stream.read(
           ^^^^^^^^^^^^^^^^^^^^^^^^^^^^^^^^
        self.READ_NUM_BYTES, timeout=timeout
        ^^^^^^^^^^^^^^^^^^^^^^^^^^^^^^^^^^^^
    )
    ^
  File "V:\DataMining2025\.venv\Lib\site-packages\httpcore\_backends\anyio.py", line 35, in read
    return await self._stream.receive(max_bytes=max_bytes)
           ^^^^^^^^^^^^^^^^^^^^^^^^^^^^^^^^^^^^^^^^^^^^^^^
  File "V:\DataMining2025\.venv\Lib\site-packages\anyio\_backends\_asyncio.py", line 1292, in receive
    await self._protocol.read_event.wait()
  File "C:\Users\aaron\AppData\Local\Programs\Python\Python313\Lib\asyncio\locks.py", line 213, in wait
    await fut
asyncio.exceptions.CancelledError

During handling of the above exception, another exception occurred:

Traceback (most recent call last):
  File "V:\DataMining2025\scripts\train.py", line 157, in <module>
    main()
    ~~~~^^
  File "V:\DataMining2025\scripts\train.py", line 153, in main
    asyncio.run(main_async())
    ~~~~~~~~~~~^^^^^^^^^^^^^^
  File "C:\Users\aaron\AppData\Local\Programs\Python\Python313\Lib\asyncio\runners.py", line 195, in run
    return runner.run(main)
           ~~~~~~~~~~^^^^^^
  File "C:\Users\aaron\AppData\Local\Programs\Python\Python313\Lib\asyncio\runners.py", line 123, in run
    raise KeyboardInterrupt()
KeyboardInterrupt
